  csrss.cpp
  devices.cpp
  trustverify.cpp
  diskchk.cpp
  importcode.cpp
D:\Screenshare Tool\Screenshare Tool\import code\importcode.cpp(50,36): warning C4267: 'initializing': conversion from 'size_t' to 'int', possible loss of data
  main.cpp
  process_scanner.cpp
  service_scanner.cpp
  scheduler.cpp
  journal.cpp
  wmi.cpp
  Generating Code...
  mods.c
  macros.c
  keyboardhook.c
  mousehook.c
  fsutil.c
D:\Screenshare Tool\Screenshare Tool\usn journal\fsutil.c(27,26): warning C4047: 'function': 'const size_t' differs in levels of indirection from 'char [83]'
D:\Screenshare Tool\Screenshare Tool\usn journal\fsutil.c(27,26): warning C4024: 'sprintf_s': different types for formal and actual parameter 2
D:\Screenshare Tool\Screenshare Tool\usn journal\fsutil.c(27,116): warning C4047: 'function': 'const char *const ' differs in levels of indirection from 'TCHAR'
D:\Screenshare Tool\Screenshare Tool\usn journal\fsutil.c(27,116): warning C4024: 'sprintf_s': different types for formal and actual parameter 3
D:\Screenshare Tool\Screenshare Tool\usn journal\fsutil.c(30,26): warning C4047: 'function': 'const size_t' differs in levels of indirection from 'char [83]'
D:\Screenshare Tool\Screenshare Tool\usn journal\fsutil.c(30,26): warning C4024: 'sprintf_s': different types for formal and actual parameter 2
D:\Screenshare Tool\Screenshare Tool\usn journal\fsutil.c(30,116): warning C4047: 'function': 'const char *const ' differs in levels of indirection from 'TCHAR'
D:\Screenshare Tool\Screenshare Tool\usn journal\fsutil.c(30,116): warning C4024: 'sprintf_s': different types for formal and actual parameter 3
D:\Screenshare Tool\Screenshare Tool\usn journal\fsutil.c(33,26): warning C4047: 'function': 'const size_t' differs in levels of indirection from 'char [77]'
D:\Screenshare Tool\Screenshare Tool\usn journal\fsutil.c(33,26): warning C4024: 'sprintf_s': different types for formal and actual parameter 2
D:\Screenshare Tool\Screenshare Tool\usn journal\fsutil.c(33,112): warning C4047: 'function': 'const char *const ' differs in levels of indirection from 'TCHAR'
D:\Screenshare Tool\Screenshare Tool\usn journal\fsutil.c(33,112): warning C4024: 'sprintf_s': different types for formal and actual parameter 3
D:\Screenshare Tool\Screenshare Tool\usn journal\fsutil.c(36,26): warning C4047: 'function': 'const size_t' differs in levels of indirection from 'char [70]'
D:\Screenshare Tool\Screenshare Tool\usn journal\fsutil.c(36,26): warning C4024: 'sprintf_s': different types for formal and actual parameter 2
D:\Screenshare Tool\Screenshare Tool\usn journal\fsutil.c(36,105): warning C4047: 'function': 'const char *const ' differs in levels of indirection from 'TCHAR'
D:\Screenshare Tool\Screenshare Tool\usn journal\fsutil.c(36,105): warning C4024: 'sprintf_s': different types for formal and actual parameter 3
D:\Screenshare Tool\Screenshare Tool\usn journal\fsutil.c(39,26): warning C4047: 'function': 'const size_t' differs in levels of indirection from 'char [78]'
D:\Screenshare Tool\Screenshare Tool\usn journal\fsutil.c(39,26): warning C4024: 'sprintf_s': different types for formal and actual parameter 2
D:\Screenshare Tool\Screenshare Tool\usn journal\fsutil.c(39,114): warning C4047: 'function': 'const char *const ' differs in levels of indirection from 'TCHAR'
D:\Screenshare Tool\Screenshare Tool\usn journal\fsutil.c(39,114): warning C4024: 'sprintf_s': different types for formal and actual parameter 3
D:\Screenshare Tool\Screenshare Tool\usn journal\fsutil.c(42,26): warning C4047: 'function': 'const size_t' differs in levels of indirection from 'char [69]'
D:\Screenshare Tool\Screenshare Tool\usn journal\fsutil.c(42,26): warning C4024: 'sprintf_s': different types for formal and actual parameter 2
D:\Screenshare Tool\Screenshare Tool\usn journal\fsutil.c(42,104): warning C4047: 'function': 'const char *const ' differs in levels of indirection from 'TCHAR'
D:\Screenshare Tool\Screenshare Tool\usn journal\fsutil.c(42,104): warning C4024: 'sprintf_s': different types for formal and actual parameter 3
D:\Screenshare Tool\Screenshare Tool\usn journal\fsutil.c(45,26): warning C4047: 'function': 'const size_t' differs in levels of indirection from 'char [72]'
D:\Screenshare Tool\Screenshare Tool\usn journal\fsutil.c(45,26): warning C4024: 'sprintf_s': different types for formal and actual parameter 2
D:\Screenshare Tool\Screenshare Tool\usn journal\fsutil.c(45,107): warning C4047: 'function': 'const char *const ' differs in levels of indirection from 'TCHAR'
D:\Screenshare Tool\Screenshare Tool\usn journal\fsutil.c(45,107): warning C4024: 'sprintf_s': different types for formal and actual parameter 3
  Generating Code...
LINK : warning LNK4075: ignoring '/INCREMENTAL' due to '/OPT:ICF' specification
  Screenshare Tool.vcxproj -> D:\Screenshare Tool\Screenshare Tool\x64\Release\Screenshare Tool.exe
