d:\screenshare tool\screenshare tool\x64\release\vc143.pdb
d:\screenshare tool\screenshare tool\x64\release\wmi.obj
d:\screenshare tool\screenshare tool\x64\release\journal.obj
d:\screenshare tool\screenshare tool\x64\release\scheduler.obj
d:\screenshare tool\screenshare tool\x64\release\service_scanner.obj
d:\screenshare tool\screenshare tool\x64\release\process_scanner.obj
d:\screenshare tool\screenshare tool\x64\release\main.obj
d:\screenshare tool\screenshare tool\x64\release\importcode.obj
d:\screenshare tool\screenshare tool\x64\release\diskchk.obj
d:\screenshare tool\screenshare tool\x64\release\trustverify.obj
d:\screenshare tool\screenshare tool\x64\release\devices.obj
d:\screenshare tool\screenshare tool\x64\release\csrss.obj
d:\screenshare tool\screenshare tool\x64\release\fsutil.obj
d:\screenshare tool\screenshare tool\x64\release\mousehook.obj
d:\screenshare tool\screenshare tool\x64\release\keyboardhook.obj
d:\screenshare tool\screenshare tool\x64\release\macros.obj
d:\screenshare tool\screenshare tool\x64\release\mods.obj
d:\screenshare tool\screenshare tool\x64\release\screenshare tool.exe
d:\screenshare tool\screenshare tool\x64\release\screenshare tool.pdb
d:\screenshare tool\screenshare tool\x64\release\screenshare tool.tlog\cl.command.1.tlog
d:\screenshare tool\screenshare tool\x64\release\screenshare tool.tlog\cl.items.tlog
d:\screenshare tool\screenshare tool\x64\release\screenshare tool.tlog\cl.read.1.tlog
d:\screenshare tool\screenshare tool\x64\release\screenshare tool.tlog\cl.write.1.tlog
d:\screenshare tool\screenshare tool\x64\release\screenshare tool.tlog\link.command.1.tlog
d:\screenshare tool\screenshare tool\x64\release\screenshare tool.tlog\link.read.1.tlog
d:\screenshare tool\screenshare tool\x64\release\screenshare tool.tlog\link.write.1.tlog
